<?xml version="1.0" encoding="UTF-8"?>
<!-- Generated by org.testng.reporters.JUnitXMLReporter -->
<testsuite ignored="0" hostname="LAPTOP-96M16F4A" failures="3" tests="7" name="Test" time="169.469" errors="0" timestamp="2025-05-23T15:46:19 WIB">
  <testcase classname="testCases.TC001_LoginTest" name="testLogin" time="8.237"/>
  <testcase classname="testCases.TC002_AddProductToCartTest" name="testAddProductToCart" time="20.594"/>
  <testcase classname="testCases.TC003_AddSearchedProductToCartTest" name="testAddSearchedProductToCart" time="25.046"/>
  <testcase classname="testCases.TC004_CartTotalCalculationTest" name="testCartTotalCalculation" time="12.988"/>
  <testcase classname="testCases.TC005_ModifyCartQuantityTest" name="testModifyCartQuantity" time="13.269">
    <failure type="java.lang.AssertionError" message="expected [true] but found [false]">
      <![CDATA[java.lang.AssertionError: expected [true] but found [false]
at testCases.TC005_ModifyCartQuantityTest.testModifyCartQuantity(TC005_ModifyCartQuantityTest.java:45)
at java.base/java.util.ArrayList.forEach(ArrayList.java:1604)
... Removed 33 stack frames]]>
    </failure>
  </testcase> <!-- testModifyCartQuantity -->
  <testcase classname="testCases.TC006_RemoveProductFromCartTest" name="testRemoveProductFromCar" time="4.305">
    <failure type="java.lang.AssertionError" message="❌ Product exist or total is not correct">
      <![CDATA[java.lang.AssertionError: ❌ Product exist or total is not correct
at testCases.TC006_RemoveProductFromCartTest.testRemoveProductFromCar(TC006_RemoveProductFromCartTest.java:51)
at java.base/java.util.ArrayList.forEach(ArrayList.java:1604)
... Removed 30 stack frames]]>
    </failure>
  </testcase> <!-- testRemoveProductFromCar -->
  <testcase classname="testCases.TC007_EmptyCartTest" name="testEmptyCart" time="14.569">
    <failure type="java.lang.AssertionError" message="expected [true] but found [false]">
      <![CDATA[java.lang.AssertionError: expected [true] but found [false]
at testCases.TC007_EmptyCartTest.testEmptyCart(TC007_EmptyCartTest.java:41)
at java.base/java.util.ArrayList.forEach(ArrayList.java:1604)
... Removed 33 stack frames]]>
    </failure>
  </testcase> <!-- testEmptyCart -->
</testsuite> <!-- Test -->
