<!DOCTYPE html PUBLIC "-//W3C//DTD XHTML 1.1//EN" "https://www.w3.org/TR/xhtml11/DTD/xhtml11.dtd">
<html xmlns="https://www.w3.org/1999/xhtml">
<head>
<meta http-equiv="content-type" content="text/html; charset=UTF-8"/>
<title>TestNG Report</title>
<style type="text/css">table {margin-bottom:10px;border-collapse:collapse;empty-cells:show}th,td {border:1px solid #009;padding:.25em .5em}th {vertical-align:bottom}td {vertical-align:top}table a {font-weight:bold}.stripe td {background-color: #E6EBF9}.num {text-align:right}.passedodd td {background-color: #3F3}.passedeven td {background-color: #0A0}.skippedodd td {background-color: #DDD}.skippedeven td {background-color: #CCC}.failedodd td,.attn {background-color: #F33}.failedeven td,.stripe .attn {background-color: #D00}.stacktrace {white-space:pre;font-family:monospace}.totop {font-size:85%;text-align:center;border-bottom:2px solid #000}.invisible {display:none}</style>
</head>
<body>
<table>
<tr><th>Test</th><th># Passed</th><th># Skipped</th><th># Retried</th><th># Failed</th><th>Time (ms)</th><th>Included Groups</th><th>Excluded Groups</th></tr>
<tr><th colspan="8">Suite</th></tr>
<tr><td><a href="#t0">Test</a></td><td class="num">4</td><td class="num">0</td><td class="num">0</td><td class="num attn">3</td><td class="num">169.469</td><td></td><td></td></tr>
</table>
<table id='summary'><thead><tr><th>Class</th><th>Method</th><th>Start</th><th>Time (ms)</th></tr></thead><tbody><tr><th colspan="4">Suite</th></tr></tbody><tbody id="t0"><tr><th colspan="4">Test &#8212; failed</th></tr><tr class="failedeven"><td rowspan="1">testCases.TC005_ModifyCartQuantityTest</td><td><a href="#m0">testModifyCartQuantity</a></td><td rowspan="1">1747989919105</td><td rowspan="1">13269</td></tr><tr class="failedodd"><td rowspan="1">testCases.TC006_RemoveProductFromCartTest</td><td><a href="#m1">testRemoveProductFromCar</a></td><td rowspan="1">1747989952158</td><td rowspan="1">4305</td></tr><tr class="failedeven"><td rowspan="1">testCases.TC007_EmptyCartTest</td><td><a href="#m2">testEmptyCart</a></td><td rowspan="1">1747989964946</td><td rowspan="1">14569</td></tr><tr><th colspan="4">Test &#8212; passed</th></tr><tr class="passedeven"><td rowspan="1">testCases.TC001_LoginTest</td><td><a href="#m3">testLogin</a></td><td rowspan="1">1747989819584</td><td rowspan="1">8237</td></tr><tr class="passedodd"><td rowspan="1">testCases.TC002_AddProductToCartTest</td><td><a href="#m4">testAddProductToCart</a></td><td rowspan="1">1747989836079</td><td rowspan="1">20594</td></tr><tr class="passedeven"><td rowspan="1">testCases.TC003_AddSearchedProductToCartTest</td><td><a href="#m5">testAddSearchedProductToCart</a></td><td rowspan="1">1747989865086</td><td rowspan="1">25046</td></tr><tr class="passedodd"><td rowspan="1">testCases.TC004_CartTotalCalculationTest</td><td><a href="#m6">testCartTotalCalculation</a></td><td rowspan="1">1747989898160</td><td rowspan="1">12988</td></tr></tbody>
</table>
<h2>Test</h2><h3 id="m0">testCases.TC005_ModifyCartQuantityTest#testModifyCartQuantity</h3><table class="result"><tr><th>Exception</th></tr><tr><td><div class="stacktrace">java.lang.AssertionError: expected [true] but found [false]
	at testCases.TC005_ModifyCartQuantityTest.testModifyCartQuantity(TC005_ModifyCartQuantityTest.java:45)
	at java.base/java.util.ArrayList.forEach(ArrayList.java:1604)
... Removed 33 stack frames</div></td></tr></table><p class="totop"><a href="#summary">back to summary</a></p>
<h3 id="m1">testCases.TC006_RemoveProductFromCartTest#testRemoveProductFromCar</h3><table class="result"><tr><th>Exception</th></tr><tr><td><div class="stacktrace">java.lang.AssertionError: ‚ùå Product exist or total is not correct
	at testCases.TC006_RemoveProductFromCartTest.testRemoveProductFromCar(TC006_RemoveProductFromCartTest.java:51)
	at java.base/java.util.ArrayList.forEach(ArrayList.java:1604)
... Removed 30 stack frames</div></td></tr></table><p class="totop"><a href="#summary">back to summary</a></p>
<h3 id="m2">testCases.TC007_EmptyCartTest#testEmptyCart</h3><table class="result"><tr><th>Exception</th></tr><tr><td><div class="stacktrace">java.lang.AssertionError: expected [true] but found [false]
	at testCases.TC007_EmptyCartTest.testEmptyCart(TC007_EmptyCartTest.java:41)
	at java.base/java.util.ArrayList.forEach(ArrayList.java:1604)
... Removed 33 stack frames</div></td></tr></table><p class="totop"><a href="#summary">back to summary</a></p>
<h3 id="m3">testCases.TC001_LoginTest#testLogin</h3><table class="result"><tr><th class="invisible"/></tr></table><p class="totop"><a href="#summary">back to summary</a></p>
<h3 id="m4">testCases.TC002_AddProductToCartTest#testAddProductToCart</h3><table class="result"><tr><th class="invisible"/></tr></table><p class="totop"><a href="#summary">back to summary</a></p>
<h3 id="m5">testCases.TC003_AddSearchedProductToCartTest#testAddSearchedProductToCart</h3><table class="result"><tr><th class="invisible"/></tr></table><p class="totop"><a href="#summary">back to summary</a></p>
<h3 id="m6">testCases.TC004_CartTotalCalculationTest#testCartTotalCalculation</h3><table class="result"><tr><th class="invisible"/></tr></table><p class="totop"><a href="#summary">back to summary</a></p>
</body>
</html>
